mode: set
github.com/lazygophers/lrpc/middleware/storage/cache/base.go:15.62,17.16 2 0
github.com/lazygophers/lrpc/middleware/storage/cache/base.go:17.16,19.3 1 0
github.com/lazygophers/lrpc/middleware/storage/cache/base.go:21.2,21.45 1 0
github.com/lazygophers/lrpc/middleware/storage/cache/base.go:24.87,26.16 2 0
github.com/lazygophers/lrpc/middleware/storage/cache/base.go:26.16,28.3 1 0
github.com/lazygophers/lrpc/middleware/storage/cache/base.go:30.2,30.56 1 0
github.com/lazygophers/lrpc/middleware/storage/cache/base.go:33.62,35.16 2 0
github.com/lazygophers/lrpc/middleware/storage/cache/base.go:35.16,37.3 1 0
github.com/lazygophers/lrpc/middleware/storage/cache/base.go:39.2,39.52 1 0
github.com/lazygophers/lrpc/middleware/storage/cache/base.go:42.55,44.16 2 1
github.com/lazygophers/lrpc/middleware/storage/cache/base.go:44.16,46.3 1 1
github.com/lazygophers/lrpc/middleware/storage/cache/base.go:48.2,48.31 1 1
github.com/lazygophers/lrpc/middleware/storage/cache/base.go:51.53,53.16 2 1
github.com/lazygophers/lrpc/middleware/storage/cache/base.go:53.16,55.3 1 1
github.com/lazygophers/lrpc/middleware/storage/cache/base.go:57.2,57.30 1 1
github.com/lazygophers/lrpc/middleware/storage/cache/base.go:60.55,62.16 2 1
github.com/lazygophers/lrpc/middleware/storage/cache/base.go:62.16,64.3 1 0
github.com/lazygophers/lrpc/middleware/storage/cache/base.go:66.2,66.31 1 1
github.com/lazygophers/lrpc/middleware/storage/cache/base.go:69.57,71.16 2 1
github.com/lazygophers/lrpc/middleware/storage/cache/base.go:71.16,73.3 1 0
github.com/lazygophers/lrpc/middleware/storage/cache/base.go:75.2,75.32 1 1
github.com/lazygophers/lrpc/middleware/storage/cache/base.go:78.59,80.16 2 1
github.com/lazygophers/lrpc/middleware/storage/cache/base.go:80.16,82.3 1 0
github.com/lazygophers/lrpc/middleware/storage/cache/base.go:84.2,84.33 1 1
github.com/lazygophers/lrpc/middleware/storage/cache/base.go:87.57,89.16 2 1
github.com/lazygophers/lrpc/middleware/storage/cache/base.go:89.16,91.3 1 0
github.com/lazygophers/lrpc/middleware/storage/cache/base.go:93.2,93.32 1 1
github.com/lazygophers/lrpc/middleware/storage/cache/base.go:96.59,98.16 2 1
github.com/lazygophers/lrpc/middleware/storage/cache/base.go:98.16,100.3 1 0
github.com/lazygophers/lrpc/middleware/storage/cache/base.go:102.2,102.33 1 1
github.com/lazygophers/lrpc/middleware/storage/cache/base.go:105.61,107.16 2 1
github.com/lazygophers/lrpc/middleware/storage/cache/base.go:107.16,109.3 1 1
github.com/lazygophers/lrpc/middleware/storage/cache/base.go:111.2,111.34 1 1
github.com/lazygophers/lrpc/middleware/storage/cache/base.go:114.61,116.16 2 1
github.com/lazygophers/lrpc/middleware/storage/cache/base.go:116.16,118.3 1 0
github.com/lazygophers/lrpc/middleware/storage/cache/base.go:120.2,120.34 1 1
github.com/lazygophers/lrpc/middleware/storage/cache/base.go:123.62,126.16 3 1
github.com/lazygophers/lrpc/middleware/storage/cache/base.go:126.16,128.3 1 0
github.com/lazygophers/lrpc/middleware/storage/cache/base.go:130.2,131.25 2 1
github.com/lazygophers/lrpc/middleware/storage/cache/base.go:131.25,133.3 1 1
github.com/lazygophers/lrpc/middleware/storage/cache/base.go:135.2,135.17 1 1
github.com/lazygophers/lrpc/middleware/storage/cache/base.go:138.60,141.16 3 1
github.com/lazygophers/lrpc/middleware/storage/cache/base.go:141.16,143.3 1 1
github.com/lazygophers/lrpc/middleware/storage/cache/base.go:145.2,146.25 2 1
github.com/lazygophers/lrpc/middleware/storage/cache/base.go:146.25,148.3 1 1
github.com/lazygophers/lrpc/middleware/storage/cache/base.go:150.2,150.17 1 1
github.com/lazygophers/lrpc/middleware/storage/cache/base.go:153.62,156.16 3 1
github.com/lazygophers/lrpc/middleware/storage/cache/base.go:156.16,158.3 1 0
github.com/lazygophers/lrpc/middleware/storage/cache/base.go:160.2,161.25 2 1
github.com/lazygophers/lrpc/middleware/storage/cache/base.go:161.25,163.3 1 1
github.com/lazygophers/lrpc/middleware/storage/cache/base.go:165.2,165.17 1 1
github.com/lazygophers/lrpc/middleware/storage/cache/base.go:168.64,171.16 3 1
github.com/lazygophers/lrpc/middleware/storage/cache/base.go:171.16,173.3 1 0
github.com/lazygophers/lrpc/middleware/storage/cache/base.go:175.2,176.25 2 1
github.com/lazygophers/lrpc/middleware/storage/cache/base.go:176.25,178.3 1 1
github.com/lazygophers/lrpc/middleware/storage/cache/base.go:180.2,180.17 1 1
github.com/lazygophers/lrpc/middleware/storage/cache/base.go:183.66,186.16 3 1
github.com/lazygophers/lrpc/middleware/storage/cache/base.go:186.16,188.3 1 0
github.com/lazygophers/lrpc/middleware/storage/cache/base.go:190.2,191.25 2 1
github.com/lazygophers/lrpc/middleware/storage/cache/base.go:191.25,193.3 1 1
github.com/lazygophers/lrpc/middleware/storage/cache/base.go:195.2,195.17 1 1
github.com/lazygophers/lrpc/middleware/storage/cache/base.go:198.64,201.16 3 1
github.com/lazygophers/lrpc/middleware/storage/cache/base.go:201.16,203.3 1 0
github.com/lazygophers/lrpc/middleware/storage/cache/base.go:205.2,206.25 2 1
github.com/lazygophers/lrpc/middleware/storage/cache/base.go:206.25,208.3 1 1
github.com/lazygophers/lrpc/middleware/storage/cache/base.go:210.2,210.17 1 1
github.com/lazygophers/lrpc/middleware/storage/cache/base.go:213.66,216.16 3 1
github.com/lazygophers/lrpc/middleware/storage/cache/base.go:216.16,218.3 1 0
github.com/lazygophers/lrpc/middleware/storage/cache/base.go:220.2,221.25 2 1
github.com/lazygophers/lrpc/middleware/storage/cache/base.go:221.25,223.3 1 1
github.com/lazygophers/lrpc/middleware/storage/cache/base.go:225.2,225.17 1 1
github.com/lazygophers/lrpc/middleware/storage/cache/base.go:228.68,231.16 3 1
github.com/lazygophers/lrpc/middleware/storage/cache/base.go:231.16,233.3 1 0
github.com/lazygophers/lrpc/middleware/storage/cache/base.go:235.2,236.25 2 1
github.com/lazygophers/lrpc/middleware/storage/cache/base.go:236.25,238.3 1 1
github.com/lazygophers/lrpc/middleware/storage/cache/base.go:240.2,240.17 1 1
github.com/lazygophers/lrpc/middleware/storage/cache/base.go:243.68,246.16 3 1
github.com/lazygophers/lrpc/middleware/storage/cache/base.go:246.16,248.3 1 0
github.com/lazygophers/lrpc/middleware/storage/cache/base.go:250.2,251.25 2 1
github.com/lazygophers/lrpc/middleware/storage/cache/base.go:251.25,253.3 1 1
github.com/lazygophers/lrpc/middleware/storage/cache/base.go:255.2,255.17 1 1
github.com/lazygophers/lrpc/middleware/storage/cache/base.go:258.89,260.16 2 1
github.com/lazygophers/lrpc/middleware/storage/cache/base.go:260.16,262.3 1 0
github.com/lazygophers/lrpc/middleware/storage/cache/base.go:264.2,264.14 1 1
github.com/lazygophers/lrpc/middleware/storage/cache/base.go:264.14,266.17 2 1
github.com/lazygophers/lrpc/middleware/storage/cache/base.go:266.17,268.4 1 0
github.com/lazygophers/lrpc/middleware/storage/cache/base.go:271.2,271.17 1 1
github.com/lazygophers/lrpc/middleware/storage/cache/base.go:271.17,273.3 1 1
github.com/lazygophers/lrpc/middleware/storage/cache/base.go:275.2,275.18 1 1
github.com/lazygophers/lrpc/middleware/storage/cache/base.go:278.102,280.16 2 1
github.com/lazygophers/lrpc/middleware/storage/cache/base.go:280.16,282.3 1 0
github.com/lazygophers/lrpc/middleware/storage/cache/base.go:284.2,285.16 2 1
github.com/lazygophers/lrpc/middleware/storage/cache/base.go:285.16,287.3 1 0
github.com/lazygophers/lrpc/middleware/storage/cache/base.go:289.2,289.17 1 1
github.com/lazygophers/lrpc/middleware/storage/cache/base.go:289.17,291.3 1 1
github.com/lazygophers/lrpc/middleware/storage/cache/base.go:293.2,293.18 1 1
github.com/lazygophers/lrpc/middleware/storage/cache/base.go:296.60,298.16 2 1
github.com/lazygophers/lrpc/middleware/storage/cache/base.go:298.16,300.3 1 0
github.com/lazygophers/lrpc/middleware/storage/cache/base.go:302.2,302.15 1 1
github.com/lazygophers/lrpc/middleware/storage/cache/base.go:302.15,304.3 1 1
github.com/lazygophers/lrpc/middleware/storage/cache/base.go:306.2,308.16 3 1
github.com/lazygophers/lrpc/middleware/storage/cache/base.go:308.16,310.3 1 0
github.com/lazygophers/lrpc/middleware/storage/cache/base.go:312.2,312.18 1 1
github.com/lazygophers/lrpc/middleware/storage/cache/base.go:315.62,317.16 2 1
github.com/lazygophers/lrpc/middleware/storage/cache/base.go:317.16,319.3 1 1
github.com/lazygophers/lrpc/middleware/storage/cache/base.go:321.2,321.39 1 1
github.com/lazygophers/lrpc/middleware/storage/cache/base.go:324.70,326.16 2 1
github.com/lazygophers/lrpc/middleware/storage/cache/base.go:326.16,328.3 1 1
github.com/lazygophers/lrpc/middleware/storage/cache/base.go:330.2,330.39 1 1
github.com/lazygophers/lrpc/middleware/storage/cache/base.go:333.38,337.2 1 1
github.com/lazygophers/lrpc/middleware/storage/cache/bbolt.go:21.36,22.48 1 0
github.com/lazygophers/lrpc/middleware/storage/cache/bbolt.go:22.48,24.44 2 0
github.com/lazygophers/lrpc/middleware/storage/cache/bbolt.go:24.44,26.4 1 0
github.com/lazygophers/lrpc/middleware/storage/cache/bbolt.go:30.47,32.2 1 0
github.com/lazygophers/lrpc/middleware/storage/cache/bbolt.go:34.69,37.23 1 0
github.com/lazygophers/lrpc/middleware/storage/cache/bbolt.go:40.69,42.23 1 0
github.com/lazygophers/lrpc/middleware/storage/cache/bbolt.go:45.78,47.23 1 0
github.com/lazygophers/lrpc/middleware/storage/cache/bbolt.go:50.61,52.23 1 0
github.com/lazygophers/lrpc/middleware/storage/cache/bbolt.go:55.54,57.23 1 0
github.com/lazygophers/lrpc/middleware/storage/cache/bbolt.go:60.54,62.23 1 0
github.com/lazygophers/lrpc/middleware/storage/cache/bbolt.go:65.59,67.23 1 0
github.com/lazygophers/lrpc/middleware/storage/cache/bbolt.go:70.70,72.23 1 0
github.com/lazygophers/lrpc/middleware/storage/cache/bbolt.go:75.88,77.23 1 0
github.com/lazygophers/lrpc/middleware/storage/cache/bbolt.go:80.69,82.23 1 0
github.com/lazygophers/lrpc/middleware/storage/cache/bbolt.go:85.88,87.23 1 0
github.com/lazygophers/lrpc/middleware/storage/cache/bbolt.go:90.73,92.23 1 0
github.com/lazygophers/lrpc/middleware/storage/cache/bbolt.go:95.61,97.23 1 0
github.com/lazygophers/lrpc/middleware/storage/cache/bbolt.go:100.73,102.23 1 0
github.com/lazygophers/lrpc/middleware/storage/cache/bbolt.go:105.80,107.23 1 0
github.com/lazygophers/lrpc/middleware/storage/cache/bbolt.go:110.55,112.23 1 0
github.com/lazygophers/lrpc/middleware/storage/cache/bbolt.go:115.65,117.23 1 0
github.com/lazygophers/lrpc/middleware/storage/cache/bbolt.go:120.70,122.23 1 0
github.com/lazygophers/lrpc/middleware/storage/cache/bbolt.go:125.58,127.23 1 0
github.com/lazygophers/lrpc/middleware/storage/cache/bbolt.go:130.86,132.23 1 0
github.com/lazygophers/lrpc/middleware/storage/cache/bbolt.go:135.62,137.23 1 0
github.com/lazygophers/lrpc/middleware/storage/cache/bbolt.go:140.72,142.23 1 0
github.com/lazygophers/lrpc/middleware/storage/cache/bbolt.go:145.69,147.23 1 0
github.com/lazygophers/lrpc/middleware/storage/cache/bbolt.go:150.34,152.9 2 0
github.com/lazygophers/lrpc/middleware/storage/cache/bbolt.go:152.9,154.3 1 0
github.com/lazygophers/lrpc/middleware/storage/cache/bbolt.go:156.2,156.11 1 0
github.com/lazygophers/lrpc/middleware/storage/cache/bbolt.go:159.30,160.48 1 0
github.com/lazygophers/lrpc/middleware/storage/cache/bbolt.go:160.48,164.44 3 0
github.com/lazygophers/lrpc/middleware/storage/cache/bbolt.go:164.44,166.18 2 0
github.com/lazygophers/lrpc/middleware/storage/cache/bbolt.go:166.18,168.5 1 0
github.com/lazygophers/lrpc/middleware/storage/cache/bbolt.go:170.4,170.30 1 0
github.com/lazygophers/lrpc/middleware/storage/cache/bbolt.go:170.30,172.5 1 0
github.com/lazygophers/lrpc/middleware/storage/cache/bbolt.go:174.4,174.39 1 0
github.com/lazygophers/lrpc/middleware/storage/cache/bbolt.go:174.39,176.5 1 0
github.com/lazygophers/lrpc/middleware/storage/cache/bbolt.go:178.4,178.14 1 0
github.com/lazygophers/lrpc/middleware/storage/cache/bbolt.go:181.2,181.16 1 0
github.com/lazygophers/lrpc/middleware/storage/cache/bbolt.go:181.16,183.3 1 0
github.com/lazygophers/lrpc/middleware/storage/cache/bbolt.go:186.80,192.48 2 0
github.com/lazygophers/lrpc/middleware/storage/cache/bbolt.go:192.48,195.3 2 0
github.com/lazygophers/lrpc/middleware/storage/cache/bbolt.go:198.54,200.46 2 0
github.com/lazygophers/lrpc/middleware/storage/cache/bbolt.go:200.46,203.15 3 0
github.com/lazygophers/lrpc/middleware/storage/cache/bbolt.go:203.15,205.4 1 0
github.com/lazygophers/lrpc/middleware/storage/cache/bbolt.go:207.3,209.17 3 0
github.com/lazygophers/lrpc/middleware/storage/cache/bbolt.go:209.17,212.4 2 0
github.com/lazygophers/lrpc/middleware/storage/cache/bbolt.go:214.3,214.65 1 0
github.com/lazygophers/lrpc/middleware/storage/cache/bbolt.go:214.65,216.4 1 0
github.com/lazygophers/lrpc/middleware/storage/cache/bbolt.go:218.3,219.13 2 0
github.com/lazygophers/lrpc/middleware/storage/cache/bbolt.go:222.2,222.19 1 0
github.com/lazygophers/lrpc/middleware/storage/cache/bbolt.go:225.55,230.48 2 0
github.com/lazygophers/lrpc/middleware/storage/cache/bbolt.go:230.48,233.3 2 0
github.com/lazygophers/lrpc/middleware/storage/cache/bbolt.go:236.73,242.48 3 0
github.com/lazygophers/lrpc/middleware/storage/cache/bbolt.go:242.48,246.19 3 0
github.com/lazygophers/lrpc/middleware/storage/cache/bbolt.go:246.19,248.4 1 0
github.com/lazygophers/lrpc/middleware/storage/cache/bbolt.go:250.3,252.42 2 0
github.com/lazygophers/lrpc/middleware/storage/cache/bbolt.go:254.2,254.16 1 0
github.com/lazygophers/lrpc/middleware/storage/cache/bbolt.go:257.107,264.48 3 0
github.com/lazygophers/lrpc/middleware/storage/cache/bbolt.go:264.48,268.19 3 0
github.com/lazygophers/lrpc/middleware/storage/cache/bbolt.go:268.19,270.4 1 0
github.com/lazygophers/lrpc/middleware/storage/cache/bbolt.go:272.3,274.42 2 0
github.com/lazygophers/lrpc/middleware/storage/cache/bbolt.go:276.2,276.16 1 0
github.com/lazygophers/lrpc/middleware/storage/cache/bbolt.go:279.47,280.48 1 0
github.com/lazygophers/lrpc/middleware/storage/cache/bbolt.go:280.48,282.25 2 0
github.com/lazygophers/lrpc/middleware/storage/cache/bbolt.go:282.25,284.18 2 0
github.com/lazygophers/lrpc/middleware/storage/cache/bbolt.go:284.18,286.5 1 0
github.com/lazygophers/lrpc/middleware/storage/cache/bbolt.go:288.3,288.13 1 0
github.com/lazygophers/lrpc/middleware/storage/cache/bbolt.go:292.36,294.2 1 0
github.com/lazygophers/lrpc/middleware/storage/cache/bbolt.go:296.36,297.48 1 0
github.com/lazygophers/lrpc/middleware/storage/cache/bbolt.go:297.48,299.44 2 0
github.com/lazygophers/lrpc/middleware/storage/cache/bbolt.go:299.44,301.4 1 0
github.com/lazygophers/lrpc/middleware/storage/cache/bbolt.go:305.67,312.16 3 0
github.com/lazygophers/lrpc/middleware/storage/cache/bbolt.go:312.16,315.3 2 0
github.com/lazygophers/lrpc/middleware/storage/cache/bbolt.go:317.2,317.45 1 0
github.com/lazygophers/lrpc/middleware/storage/cache/bbolt.go:317.45,320.3 2 0
github.com/lazygophers/lrpc/middleware/storage/cache/bbolt.go:322.2,324.29 2 0
github.com/lazygophers/lrpc/middleware/storage/cache/bitcask.go:17.38,19.23 1 0
github.com/lazygophers/lrpc/middleware/storage/cache/bitcask.go:22.56,24.16 2 0
github.com/lazygophers/lrpc/middleware/storage/cache/bitcask.go:24.16,25.36 1 0
github.com/lazygophers/lrpc/middleware/storage/cache/bitcask.go:25.36,27.4 1 0
github.com/lazygophers/lrpc/middleware/storage/cache/bitcask.go:28.3,28.17 1 0
github.com/lazygophers/lrpc/middleware/storage/cache/bitcask.go:31.2,31.27 1 0
github.com/lazygophers/lrpc/middleware/storage/cache/bitcask.go:34.57,36.2 1 0
github.com/lazygophers/lrpc/middleware/storage/cache/bitcask.go:38.82,40.23 1 0
github.com/lazygophers/lrpc/middleware/storage/cache/bitcask.go:43.75,45.23 1 0
github.com/lazygophers/lrpc/middleware/storage/cache/bitcask.go:48.109,50.23 1 0
github.com/lazygophers/lrpc/middleware/storage/cache/bitcask.go:53.63,55.23 1 0
github.com/lazygophers/lrpc/middleware/storage/cache/bitcask.go:58.80,60.23 1 0
github.com/lazygophers/lrpc/middleware/storage/cache/bitcask.go:63.56,65.23 1 0
github.com/lazygophers/lrpc/middleware/storage/cache/bitcask.go:68.56,70.23 1 0
github.com/lazygophers/lrpc/middleware/storage/cache/bitcask.go:73.71,75.23 1 0
github.com/lazygophers/lrpc/middleware/storage/cache/bitcask.go:78.71,80.23 1 0
github.com/lazygophers/lrpc/middleware/storage/cache/bitcask.go:83.61,85.23 1 0
github.com/lazygophers/lrpc/middleware/storage/cache/bitcask.go:88.88,90.23 1 0
github.com/lazygophers/lrpc/middleware/storage/cache/bitcask.go:93.64,95.23 1 0
github.com/lazygophers/lrpc/middleware/storage/cache/bitcask.go:98.74,100.23 1 0
github.com/lazygophers/lrpc/middleware/storage/cache/bitcask.go:103.60,105.23 1 0
github.com/lazygophers/lrpc/middleware/storage/cache/bitcask.go:108.71,110.23 1 0
github.com/lazygophers/lrpc/middleware/storage/cache/bitcask.go:113.72,115.23 1 0
github.com/lazygophers/lrpc/middleware/storage/cache/bitcask.go:118.72,120.23 1 0
github.com/lazygophers/lrpc/middleware/storage/cache/bitcask.go:123.90,125.23 1 0
github.com/lazygophers/lrpc/middleware/storage/cache/bitcask.go:128.71,130.23 1 0
github.com/lazygophers/lrpc/middleware/storage/cache/bitcask.go:133.90,135.23 1 0
github.com/lazygophers/lrpc/middleware/storage/cache/bitcask.go:138.75,140.23 1 0
github.com/lazygophers/lrpc/middleware/storage/cache/bitcask.go:143.63,145.23 1 0
github.com/lazygophers/lrpc/middleware/storage/cache/bitcask.go:148.75,150.23 1 0
github.com/lazygophers/lrpc/middleware/storage/cache/bitcask.go:153.82,155.23 1 0
github.com/lazygophers/lrpc/middleware/storage/cache/bitcask.go:158.57,160.23 1 0
github.com/lazygophers/lrpc/middleware/storage/cache/bitcask.go:163.67,165.23 1 0
github.com/lazygophers/lrpc/middleware/storage/cache/bitcask.go:168.49,170.23 1 0
github.com/lazygophers/lrpc/middleware/storage/cache/bitcask.go:173.38,175.2 1 0
github.com/lazygophers/lrpc/middleware/storage/cache/bitcask.go:177.49,179.2 1 0
github.com/lazygophers/lrpc/middleware/storage/cache/bitcask.go:181.43,186.16 4 0
github.com/lazygophers/lrpc/middleware/storage/cache/bitcask.go:186.16,189.3 2 0
github.com/lazygophers/lrpc/middleware/storage/cache/bitcask.go:191.2,191.25 1 0
github.com/lazygophers/lrpc/middleware/storage/cache/bitcask.go:191.25,193.17 2 0
github.com/lazygophers/lrpc/middleware/storage/cache/bitcask.go:193.17,196.4 2 0
github.com/lazygophers/lrpc/middleware/storage/cache/bitcask.go:199.2,199.29 1 0
github.com/lazygophers/lrpc/middleware/storage/cache/cache.go:96.36,99.16 2 0
github.com/lazygophers/lrpc/middleware/storage/cache/cache.go:100.13,105.5 1 0
github.com/lazygophers/lrpc/middleware/storage/cache/cache.go:107.13,115.4 1 0
github.com/lazygophers/lrpc/middleware/storage/cache/cache.go:117.11,118.23 1 0
github.com/lazygophers/lrpc/middleware/storage/cache/cache.go:120.15,121.23 1 0
github.com/lazygophers/lrpc/middleware/storage/cache/cache.go:123.15,124.23 1 0
github.com/lazygophers/lrpc/middleware/storage/cache/cache.go:126.10,127.51 1 0
github.com/lazygophers/lrpc/middleware/storage/cache/cache.go:137.31,140.2 2 0
github.com/lazygophers/lrpc/middleware/storage/cache/cache.go:142.32,145.2 2 0
github.com/lazygophers/lrpc/middleware/storage/cache/config.go:47.26,48.18 1 0
github.com/lazygophers/lrpc/middleware/storage/cache/config.go:48.18,50.3 1 0
github.com/lazygophers/lrpc/middleware/storage/cache/config.go:52.2,52.16 1 0
github.com/lazygophers/lrpc/middleware/storage/cache/config.go:53.13,54.22 1 0
github.com/lazygophers/lrpc/middleware/storage/cache/config.go:54.22,57.4 2 0
github.com/lazygophers/lrpc/middleware/storage/cache/config.go:58.15,59.22 1 0
github.com/lazygophers/lrpc/middleware/storage/cache/config.go:59.22,62.4 2 0
github.com/lazygophers/lrpc/middleware/storage/cache/config.go:63.15,64.22 1 0
github.com/lazygophers/lrpc/middleware/storage/cache/config.go:64.22,67.4 2 0
github.com/lazygophers/lrpc/middleware/storage/cache/config.go:68.13,69.22 1 0
github.com/lazygophers/lrpc/middleware/storage/cache/config.go:69.22,71.4 1 0
github.com/lazygophers/lrpc/middleware/storage/cache/database.go:20.34,22.16 2 0
github.com/lazygophers/lrpc/middleware/storage/cache/database.go:22.16,24.3 1 0
github.com/lazygophers/lrpc/middleware/storage/cache/database.go:25.2,25.12 1 0
github.com/lazygophers/lrpc/middleware/storage/cache/database.go:28.48,29.16 1 0
github.com/lazygophers/lrpc/middleware/storage/cache/database.go:29.16,31.3 1 0
github.com/lazygophers/lrpc/middleware/storage/cache/database.go:33.2,33.26 1 0
github.com/lazygophers/lrpc/middleware/storage/cache/database.go:33.26,35.3 1 0
github.com/lazygophers/lrpc/middleware/storage/cache/database.go:37.2,37.12 1 0
github.com/lazygophers/lrpc/middleware/storage/cache/database.go:40.52,43.16 3 0
github.com/lazygophers/lrpc/middleware/storage/cache/database.go:43.16,45.3 1 0
github.com/lazygophers/lrpc/middleware/storage/cache/database.go:47.2,47.19 1 0
github.com/lazygophers/lrpc/middleware/storage/cache/database.go:50.53,52.16 2 0
github.com/lazygophers/lrpc/middleware/storage/cache/database.go:52.16,54.3 1 0
github.com/lazygophers/lrpc/middleware/storage/cache/database.go:56.2,56.12 1 0
github.com/lazygophers/lrpc/middleware/storage/cache/database.go:59.78,61.16 2 0
github.com/lazygophers/lrpc/middleware/storage/cache/database.go:61.16,63.3 1 0
github.com/lazygophers/lrpc/middleware/storage/cache/database.go:64.2,64.12 1 0
github.com/lazygophers/lrpc/middleware/storage/cache/database.go:67.71,69.16 2 0
github.com/lazygophers/lrpc/middleware/storage/cache/database.go:69.16,70.89 1 0
github.com/lazygophers/lrpc/middleware/storage/cache/database.go:70.89,72.4 1 0
github.com/lazygophers/lrpc/middleware/storage/cache/database.go:74.3,74.49 1 0
github.com/lazygophers/lrpc/middleware/storage/cache/database.go:74.49,76.4 1 0
github.com/lazygophers/lrpc/middleware/storage/cache/database.go:78.3,78.34 1 0
github.com/lazygophers/lrpc/middleware/storage/cache/database.go:80.2,80.18 1 0
github.com/lazygophers/lrpc/middleware/storage/cache/database.go:83.105,85.16 2 0
github.com/lazygophers/lrpc/middleware/storage/cache/database.go:85.16,87.3 1 0
github.com/lazygophers/lrpc/middleware/storage/cache/database.go:88.2,88.9 1 0
github.com/lazygophers/lrpc/middleware/storage/cache/database.go:88.9,90.3 1 0
github.com/lazygophers/lrpc/middleware/storage/cache/database.go:92.2,93.16 2 0
github.com/lazygophers/lrpc/middleware/storage/cache/database.go:93.16,95.3 1 0
github.com/lazygophers/lrpc/middleware/storage/cache/database.go:97.2,97.16 1 0
github.com/lazygophers/lrpc/middleware/storage/cache/database.go:100.59,103.16 3 0
github.com/lazygophers/lrpc/middleware/storage/cache/database.go:103.16,105.3 1 0
github.com/lazygophers/lrpc/middleware/storage/cache/database.go:107.2,107.49 1 0
github.com/lazygophers/lrpc/middleware/storage/cache/database.go:110.76,112.16 2 0
github.com/lazygophers/lrpc/middleware/storage/cache/database.go:112.16,114.3 1 0
github.com/lazygophers/lrpc/middleware/storage/cache/database.go:115.2,115.50 1 0
github.com/lazygophers/lrpc/middleware/storage/cache/database.go:118.52,120.23 1 0
github.com/lazygophers/lrpc/middleware/storage/cache/database.go:123.52,125.23 1 0
github.com/lazygophers/lrpc/middleware/storage/cache/database.go:128.67,130.23 1 0
github.com/lazygophers/lrpc/middleware/storage/cache/database.go:133.67,135.23 1 0
github.com/lazygophers/lrpc/middleware/storage/cache/database.go:138.57,140.23 1 0
github.com/lazygophers/lrpc/middleware/storage/cache/database.go:143.84,145.23 1 0
github.com/lazygophers/lrpc/middleware/storage/cache/database.go:148.60,150.23 1 0
github.com/lazygophers/lrpc/middleware/storage/cache/database.go:153.70,155.23 1 0
github.com/lazygophers/lrpc/middleware/storage/cache/database.go:158.56,160.23 1 0
github.com/lazygophers/lrpc/middleware/storage/cache/database.go:163.67,165.23 1 0
github.com/lazygophers/lrpc/middleware/storage/cache/database.go:168.68,170.23 1 0
github.com/lazygophers/lrpc/middleware/storage/cache/database.go:173.68,175.23 1 0
github.com/lazygophers/lrpc/middleware/storage/cache/database.go:178.86,180.23 1 0
github.com/lazygophers/lrpc/middleware/storage/cache/database.go:183.67,185.23 1 0
github.com/lazygophers/lrpc/middleware/storage/cache/database.go:188.86,190.23 1 0
github.com/lazygophers/lrpc/middleware/storage/cache/database.go:193.71,195.23 1 0
github.com/lazygophers/lrpc/middleware/storage/cache/database.go:198.59,200.23 1 0
github.com/lazygophers/lrpc/middleware/storage/cache/database.go:203.71,205.23 1 0
github.com/lazygophers/lrpc/middleware/storage/cache/database.go:208.78,210.23 1 0
github.com/lazygophers/lrpc/middleware/storage/cache/database.go:213.53,215.23 1 0
github.com/lazygophers/lrpc/middleware/storage/cache/database.go:218.63,220.23 1 0
github.com/lazygophers/lrpc/middleware/storage/cache/database.go:223.45,224.19 1 0
github.com/lazygophers/lrpc/middleware/storage/cache/database.go:224.19,226.3 1 0
github.com/lazygophers/lrpc/middleware/storage/cache/database.go:228.2,229.16 2 0
github.com/lazygophers/lrpc/middleware/storage/cache/database.go:229.16,231.3 1 0
github.com/lazygophers/lrpc/middleware/storage/cache/database.go:232.2,232.12 1 0
github.com/lazygophers/lrpc/middleware/storage/cache/database.go:235.34,237.2 1 0
github.com/lazygophers/lrpc/middleware/storage/cache/database.go:239.45,241.2 1 0
github.com/lazygophers/lrpc/middleware/storage/cache/database.go:243.63,250.16 3 0
github.com/lazygophers/lrpc/middleware/storage/cache/database.go:250.16,253.3 2 0
github.com/lazygophers/lrpc/middleware/storage/cache/database.go:255.2,255.29 1 0
github.com/lazygophers/lrpc/middleware/storage/cache/echo.go:15.38,17.23 1 0
github.com/lazygophers/lrpc/middleware/storage/cache/echo.go:20.50,21.2 0 0
github.com/lazygophers/lrpc/middleware/storage/cache/echo.go:23.56,25.16 2 0
github.com/lazygophers/lrpc/middleware/storage/cache/echo.go:25.16,28.3 2 0
github.com/lazygophers/lrpc/middleware/storage/cache/echo.go:29.2,29.17 1 0
github.com/lazygophers/lrpc/middleware/storage/cache/echo.go:29.17,31.3 1 0
github.com/lazygophers/lrpc/middleware/storage/cache/echo.go:33.2,33.19 1 0
github.com/lazygophers/lrpc/middleware/storage/cache/echo.go:36.57,38.16 2 0
github.com/lazygophers/lrpc/middleware/storage/cache/echo.go:38.16,40.3 1 0
github.com/lazygophers/lrpc/middleware/storage/cache/echo.go:41.2,41.12 1 0
github.com/lazygophers/lrpc/middleware/storage/cache/echo.go:44.82,49.16 2 0
github.com/lazygophers/lrpc/middleware/storage/cache/echo.go:49.16,51.3 1 0
github.com/lazygophers/lrpc/middleware/storage/cache/echo.go:52.2,52.12 1 0
github.com/lazygophers/lrpc/middleware/storage/cache/echo.go:55.75,59.16 2 0
github.com/lazygophers/lrpc/middleware/storage/cache/echo.go:59.16,61.3 1 0
github.com/lazygophers/lrpc/middleware/storage/cache/echo.go:62.2,62.16 1 0
github.com/lazygophers/lrpc/middleware/storage/cache/echo.go:65.109,69.16 3 0
github.com/lazygophers/lrpc/middleware/storage/cache/echo.go:69.16,72.3 2 0
github.com/lazygophers/lrpc/middleware/storage/cache/echo.go:74.2,74.8 1 0
github.com/lazygophers/lrpc/middleware/storage/cache/echo.go:74.8,76.17 2 0
github.com/lazygophers/lrpc/middleware/storage/cache/echo.go:76.17,78.4 1 0
github.com/lazygophers/lrpc/middleware/storage/cache/echo.go:81.2,81.16 1 0
github.com/lazygophers/lrpc/middleware/storage/cache/echo.go:84.63,86.16 2 0
github.com/lazygophers/lrpc/middleware/storage/cache/echo.go:86.16,88.3 1 0
github.com/lazygophers/lrpc/middleware/storage/cache/echo.go:90.2,90.15 1 0
github.com/lazygophers/lrpc/middleware/storage/cache/echo.go:90.15,92.3 1 0
github.com/lazygophers/lrpc/middleware/storage/cache/echo.go:93.2,93.15 1 0
github.com/lazygophers/lrpc/middleware/storage/cache/echo.go:93.15,95.3 1 0
github.com/lazygophers/lrpc/middleware/storage/cache/echo.go:97.2,97.46 1 0
github.com/lazygophers/lrpc/middleware/storage/cache/echo.go:100.80,102.2 1 0
github.com/lazygophers/lrpc/middleware/storage/cache/echo.go:104.56,106.16 2 0
github.com/lazygophers/lrpc/middleware/storage/cache/echo.go:106.16,108.3 1 0
github.com/lazygophers/lrpc/middleware/storage/cache/echo.go:109.2,109.26 1 0
github.com/lazygophers/lrpc/middleware/storage/cache/echo.go:112.56,114.16 2 0
github.com/lazygophers/lrpc/middleware/storage/cache/echo.go:114.16,116.3 1 0
github.com/lazygophers/lrpc/middleware/storage/cache/echo.go:117.2,117.26 1 0
github.com/lazygophers/lrpc/middleware/storage/cache/echo.go:120.69,122.16 2 0
github.com/lazygophers/lrpc/middleware/storage/cache/echo.go:122.16,124.3 1 0
github.com/lazygophers/lrpc/middleware/storage/cache/echo.go:125.2,125.26 1 0
github.com/lazygophers/lrpc/middleware/storage/cache/echo.go:128.69,130.16 2 0
github.com/lazygophers/lrpc/middleware/storage/cache/echo.go:130.16,132.3 1 0
github.com/lazygophers/lrpc/middleware/storage/cache/echo.go:133.2,133.26 1 0
github.com/lazygophers/lrpc/middleware/storage/cache/echo.go:136.61,138.23 1 0
github.com/lazygophers/lrpc/middleware/storage/cache/echo.go:141.88,145.16 2 0
github.com/lazygophers/lrpc/middleware/storage/cache/echo.go:145.16,148.3 2 0
github.com/lazygophers/lrpc/middleware/storage/cache/echo.go:150.2,150.21 1 0
github.com/lazygophers/lrpc/middleware/storage/cache/echo.go:153.64,155.16 2 0
github.com/lazygophers/lrpc/middleware/storage/cache/echo.go:155.16,157.3 1 0
github.com/lazygophers/lrpc/middleware/storage/cache/echo.go:158.2,158.22 1 0
github.com/lazygophers/lrpc/middleware/storage/cache/echo.go:158.22,160.3 1 0
github.com/lazygophers/lrpc/middleware/storage/cache/echo.go:162.2,162.23 1 0
github.com/lazygophers/lrpc/middleware/storage/cache/echo.go:165.74,167.16 2 0
github.com/lazygophers/lrpc/middleware/storage/cache/echo.go:167.16,169.3 1 0
github.com/lazygophers/lrpc/middleware/storage/cache/echo.go:170.2,170.26 1 0
github.com/lazygophers/lrpc/middleware/storage/cache/echo.go:173.60,175.16 2 0
github.com/lazygophers/lrpc/middleware/storage/cache/echo.go:175.16,177.3 1 0
github.com/lazygophers/lrpc/middleware/storage/cache/echo.go:179.2,179.20 1 0
github.com/lazygophers/lrpc/middleware/storage/cache/echo.go:182.71,184.23 1 0
github.com/lazygophers/lrpc/middleware/storage/cache/echo.go:187.72,189.2 1 0
github.com/lazygophers/lrpc/middleware/storage/cache/echo.go:191.72,193.16 2 0
github.com/lazygophers/lrpc/middleware/storage/cache/echo.go:193.16,195.3 1 0
github.com/lazygophers/lrpc/middleware/storage/cache/echo.go:196.2,196.26 1 0
github.com/lazygophers/lrpc/middleware/storage/cache/echo.go:199.90,201.16 2 0
github.com/lazygophers/lrpc/middleware/storage/cache/echo.go:201.16,203.3 1 0
github.com/lazygophers/lrpc/middleware/storage/cache/echo.go:204.2,204.26 1 0
github.com/lazygophers/lrpc/middleware/storage/cache/echo.go:207.71,209.23 1 0
github.com/lazygophers/lrpc/middleware/storage/cache/echo.go:212.90,214.23 1 0
github.com/lazygophers/lrpc/middleware/storage/cache/echo.go:217.75,219.23 1 0
github.com/lazygophers/lrpc/middleware/storage/cache/echo.go:222.63,224.23 1 0
github.com/lazygophers/lrpc/middleware/storage/cache/echo.go:227.75,229.23 1 0
github.com/lazygophers/lrpc/middleware/storage/cache/echo.go:232.82,234.23 1 0
github.com/lazygophers/lrpc/middleware/storage/cache/echo.go:237.57,239.23 1 0
github.com/lazygophers/lrpc/middleware/storage/cache/echo.go:242.67,244.23 1 0
github.com/lazygophers/lrpc/middleware/storage/cache/echo.go:247.49,249.16 2 0
github.com/lazygophers/lrpc/middleware/storage/cache/echo.go:249.16,251.3 1 0
github.com/lazygophers/lrpc/middleware/storage/cache/echo.go:252.2,252.12 1 0
github.com/lazygophers/lrpc/middleware/storage/cache/echo.go:255.38,258.2 2 0
github.com/lazygophers/lrpc/middleware/storage/cache/echo.go:260.43,262.21 2 0
github.com/lazygophers/lrpc/middleware/storage/cache/echo.go:262.21,264.3 1 0
github.com/lazygophers/lrpc/middleware/storage/cache/echo.go:266.2,266.22 1 0
github.com/lazygophers/lrpc/middleware/storage/cache/echo.go:266.22,268.3 1 0
github.com/lazygophers/lrpc/middleware/storage/cache/echo.go:270.2,277.16 6 0
github.com/lazygophers/lrpc/middleware/storage/cache/echo.go:277.16,280.3 2 0
github.com/lazygophers/lrpc/middleware/storage/cache/echo.go:282.2,286.29 2 0
github.com/lazygophers/lrpc/middleware/storage/cache/mem.go:21.34,28.2 4 1
github.com/lazygophers/lrpc/middleware/storage/cache/mem.go:30.46,31.2 0 1
github.com/lazygophers/lrpc/middleware/storage/cache/mem.go:33.67,40.77 5 1
github.com/lazygophers/lrpc/middleware/storage/cache/mem.go:40.77,43.3 2 1
github.com/lazygophers/lrpc/middleware/storage/cache/mem.go:45.2,46.16 2 1
github.com/lazygophers/lrpc/middleware/storage/cache/mem.go:46.16,48.3 1 1
github.com/lazygophers/lrpc/middleware/storage/cache/mem.go:50.2,52.20 3 1
github.com/lazygophers/lrpc/middleware/storage/cache/mem.go:55.67,57.2 1 1
github.com/lazygophers/lrpc/middleware/storage/cache/mem.go:59.76,66.13 5 1
github.com/lazygophers/lrpc/middleware/storage/cache/mem.go:66.13,68.3 1 1
github.com/lazygophers/lrpc/middleware/storage/cache/mem.go:70.2,70.64 1 1
github.com/lazygophers/lrpc/middleware/storage/cache/mem.go:70.64,73.3 2 0
github.com/lazygophers/lrpc/middleware/storage/cache/mem.go:75.2,76.18 2 1
github.com/lazygophers/lrpc/middleware/storage/cache/mem.go:79.59,86.13 5 1
github.com/lazygophers/lrpc/middleware/storage/cache/mem.go:86.13,88.3 1 1
github.com/lazygophers/lrpc/middleware/storage/cache/mem.go:90.2,90.28 1 1
github.com/lazygophers/lrpc/middleware/storage/cache/mem.go:90.28,92.3 1 1
github.com/lazygophers/lrpc/middleware/storage/cache/mem.go:94.2,94.37 1 1
github.com/lazygophers/lrpc/middleware/storage/cache/mem.go:94.37,96.3 1 0
github.com/lazygophers/lrpc/middleware/storage/cache/mem.go:98.2,98.43 1 1
github.com/lazygophers/lrpc/middleware/storage/cache/mem.go:101.52,103.2 1 1
github.com/lazygophers/lrpc/middleware/storage/cache/mem.go:105.52,107.2 1 1
github.com/lazygophers/lrpc/middleware/storage/cache/mem.go:109.57,115.27 4 1
github.com/lazygophers/lrpc/middleware/storage/cache/mem.go:115.27,117.14 2 1
github.com/lazygophers/lrpc/middleware/storage/cache/mem.go:117.14,119.4 1 1
github.com/lazygophers/lrpc/middleware/storage/cache/mem.go:121.3,121.65 1 1
github.com/lazygophers/lrpc/middleware/storage/cache/mem.go:121.65,123.4 1 0
github.com/lazygophers/lrpc/middleware/storage/cache/mem.go:126.2,126.18 1 1
github.com/lazygophers/lrpc/middleware/storage/cache/mem.go:129.68,131.2 1 1
github.com/lazygophers/lrpc/middleware/storage/cache/mem.go:133.86,140.77 5 1
github.com/lazygophers/lrpc/middleware/storage/cache/mem.go:140.77,143.3 2 1
github.com/lazygophers/lrpc/middleware/storage/cache/mem.go:145.2,146.68 2 1
github.com/lazygophers/lrpc/middleware/storage/cache/mem.go:146.68,148.3 1 1
github.com/lazygophers/lrpc/middleware/storage/cache/mem.go:150.2,151.16 2 1
github.com/lazygophers/lrpc/middleware/storage/cache/mem.go:151.16,153.3 1 1
github.com/lazygophers/lrpc/middleware/storage/cache/mem.go:155.2,161.20 5 1
github.com/lazygophers/lrpc/middleware/storage/cache/mem.go:164.67,166.2 1 1
github.com/lazygophers/lrpc/middleware/storage/cache/mem.go:168.86,170.2 1 1
github.com/lazygophers/lrpc/middleware/storage/cache/mem.go:172.71,179.77 5 1
github.com/lazygophers/lrpc/middleware/storage/cache/mem.go:179.77,182.3 2 1
github.com/lazygophers/lrpc/middleware/storage/cache/mem.go:184.2,185.71 2 1
github.com/lazygophers/lrpc/middleware/storage/cache/mem.go:185.71,187.3 1 1
github.com/lazygophers/lrpc/middleware/storage/cache/mem.go:189.2,190.36 2 1
github.com/lazygophers/lrpc/middleware/storage/cache/mem.go:190.36,192.3 1 1
github.com/lazygophers/lrpc/middleware/storage/cache/mem.go:194.2,195.33 2 1
github.com/lazygophers/lrpc/middleware/storage/cache/mem.go:195.33,196.22 1 1
github.com/lazygophers/lrpc/middleware/storage/cache/mem.go:196.22,199.4 2 1
github.com/lazygophers/lrpc/middleware/storage/cache/mem.go:202.2,203.29 2 1
github.com/lazygophers/lrpc/middleware/storage/cache/mem.go:203.29,205.3 1 1
github.com/lazygophers/lrpc/middleware/storage/cache/mem.go:207.2,210.24 3 1
github.com/lazygophers/lrpc/middleware/storage/cache/mem.go:213.59,220.77 5 1
github.com/lazygophers/lrpc/middleware/storage/cache/mem.go:220.77,222.3 1 1
github.com/lazygophers/lrpc/middleware/storage/cache/mem.go:224.2,225.68 2 1
github.com/lazygophers/lrpc/middleware/storage/cache/mem.go:225.68,227.3 1 1
github.com/lazygophers/lrpc/middleware/storage/cache/mem.go:229.2,229.21 1 1
github.com/lazygophers/lrpc/middleware/storage/cache/mem.go:232.71,239.77 5 1
github.com/lazygophers/lrpc/middleware/storage/cache/mem.go:239.77,241.3 1 1
github.com/lazygophers/lrpc/middleware/storage/cache/mem.go:243.2,244.71 2 1
github.com/lazygophers/lrpc/middleware/storage/cache/mem.go:244.71,246.3 1 1
github.com/lazygophers/lrpc/middleware/storage/cache/mem.go:248.2,249.33 2 1
github.com/lazygophers/lrpc/middleware/storage/cache/mem.go:249.33,251.3 1 1
github.com/lazygophers/lrpc/middleware/storage/cache/mem.go:253.2,255.36 3 1
github.com/lazygophers/lrpc/middleware/storage/cache/mem.go:255.36,256.24 1 1
github.com/lazygophers/lrpc/middleware/storage/cache/mem.go:256.24,258.4 1 1
github.com/lazygophers/lrpc/middleware/storage/cache/mem.go:258.9,260.4 1 1
github.com/lazygophers/lrpc/middleware/storage/cache/mem.go:263.2,266.26 3 1
github.com/lazygophers/lrpc/middleware/storage/cache/mem.go:269.78,276.77 5 1
github.com/lazygophers/lrpc/middleware/storage/cache/mem.go:276.77,278.3 1 1
github.com/lazygophers/lrpc/middleware/storage/cache/mem.go:280.2,281.68 2 1
github.com/lazygophers/lrpc/middleware/storage/cache/mem.go:281.68,283.3 1 1
github.com/lazygophers/lrpc/middleware/storage/cache/mem.go:285.2,285.23 1 1
github.com/lazygophers/lrpc/middleware/storage/cache/mem.go:285.23,287.3 1 0
github.com/lazygophers/lrpc/middleware/storage/cache/mem.go:289.2,290.36 2 1
github.com/lazygophers/lrpc/middleware/storage/cache/mem.go:290.36,292.3 1 1
github.com/lazygophers/lrpc/middleware/storage/cache/mem.go:294.2,294.30 1 1
github.com/lazygophers/lrpc/middleware/storage/cache/mem.go:294.30,296.3 1 1
github.com/lazygophers/lrpc/middleware/storage/cache/mem.go:298.2,300.29 3 1
github.com/lazygophers/lrpc/middleware/storage/cache/mem.go:300.29,302.21 2 1
github.com/lazygophers/lrpc/middleware/storage/cache/mem.go:302.21,305.4 2 1
github.com/lazygophers/lrpc/middleware/storage/cache/mem.go:308.2,308.20 1 1
github.com/lazygophers/lrpc/middleware/storage/cache/mem.go:311.53,318.77 5 1
github.com/lazygophers/lrpc/middleware/storage/cache/mem.go:318.77,320.3 1 1
github.com/lazygophers/lrpc/middleware/storage/cache/mem.go:322.2,323.89 2 1
github.com/lazygophers/lrpc/middleware/storage/cache/mem.go:323.89,325.3 1 1
github.com/lazygophers/lrpc/middleware/storage/cache/mem.go:327.2,330.33 4 1
github.com/lazygophers/lrpc/middleware/storage/cache/mem.go:330.33,331.15 1 1
github.com/lazygophers/lrpc/middleware/storage/cache/mem.go:331.15,333.4 1 1
github.com/lazygophers/lrpc/middleware/storage/cache/mem.go:336.2,339.20 3 1
github.com/lazygophers/lrpc/middleware/storage/cache/mem.go:342.63,349.77 5 1
github.com/lazygophers/lrpc/middleware/storage/cache/mem.go:349.77,351.3 1 0
github.com/lazygophers/lrpc/middleware/storage/cache/mem.go:353.2,354.68 2 1
github.com/lazygophers/lrpc/middleware/storage/cache/mem.go:354.68,356.3 1 1
github.com/lazygophers/lrpc/middleware/storage/cache/mem.go:358.2,358.33 1 1
github.com/lazygophers/lrpc/middleware/storage/cache/mem.go:358.33,359.22 1 1
github.com/lazygophers/lrpc/middleware/storage/cache/mem.go:359.22,361.4 1 1
github.com/lazygophers/lrpc/middleware/storage/cache/mem.go:364.2,364.19 1 1
github.com/lazygophers/lrpc/middleware/storage/cache/mem.go:367.68,374.77 5 1
github.com/lazygophers/lrpc/middleware/storage/cache/mem.go:374.77,376.3 1 1
github.com/lazygophers/lrpc/middleware/storage/cache/mem.go:378.2,379.68 2 1
github.com/lazygophers/lrpc/middleware/storage/cache/mem.go:379.68,381.3 1 1
github.com/lazygophers/lrpc/middleware/storage/cache/mem.go:383.2,384.20 2 1
github.com/lazygophers/lrpc/middleware/storage/cache/mem.go:387.56,394.77 5 1
github.com/lazygophers/lrpc/middleware/storage/cache/mem.go:394.77,396.3 1 1
github.com/lazygophers/lrpc/middleware/storage/cache/mem.go:398.2,399.68 2 1
github.com/lazygophers/lrpc/middleware/storage/cache/mem.go:399.68,401.3 1 1
github.com/lazygophers/lrpc/middleware/storage/cache/mem.go:403.2,404.25 2 1
github.com/lazygophers/lrpc/middleware/storage/cache/mem.go:404.25,406.3 1 1
github.com/lazygophers/lrpc/middleware/storage/cache/mem.go:408.2,408.18 1 1
github.com/lazygophers/lrpc/middleware/storage/cache/mem.go:411.84,418.77 5 1
github.com/lazygophers/lrpc/middleware/storage/cache/mem.go:418.77,421.3 2 1
github.com/lazygophers/lrpc/middleware/storage/cache/mem.go:423.2,424.68 2 1
github.com/lazygophers/lrpc/middleware/storage/cache/mem.go:424.68,426.3 1 1
github.com/lazygophers/lrpc/middleware/storage/cache/mem.go:428.2,434.22 5 1
github.com/lazygophers/lrpc/middleware/storage/cache/mem.go:437.60,444.77 5 1
github.com/lazygophers/lrpc/middleware/storage/cache/mem.go:444.77,446.3 1 1
github.com/lazygophers/lrpc/middleware/storage/cache/mem.go:448.2,449.68 2 1
github.com/lazygophers/lrpc/middleware/storage/cache/mem.go:449.68,451.3 1 1
github.com/lazygophers/lrpc/middleware/storage/cache/mem.go:453.2,454.13 2 1
github.com/lazygophers/lrpc/middleware/storage/cache/mem.go:454.13,456.3 1 1
github.com/lazygophers/lrpc/middleware/storage/cache/mem.go:458.2,458.19 1 1
github.com/lazygophers/lrpc/middleware/storage/cache/mem.go:461.70,468.77 5 1
github.com/lazygophers/lrpc/middleware/storage/cache/mem.go:468.77,470.3 1 1
github.com/lazygophers/lrpc/middleware/storage/cache/mem.go:472.2,473.68 2 1
github.com/lazygophers/lrpc/middleware/storage/cache/mem.go:473.68,475.3 1 1
github.com/lazygophers/lrpc/middleware/storage/cache/mem.go:477.2,478.31 2 1
github.com/lazygophers/lrpc/middleware/storage/cache/mem.go:478.31,479.42 1 1
github.com/lazygophers/lrpc/middleware/storage/cache/mem.go:479.42,482.4 2 1
github.com/lazygophers/lrpc/middleware/storage/cache/mem.go:485.2,488.26 3 1
github.com/lazygophers/lrpc/middleware/storage/cache/mem.go:491.67,498.77 5 1
github.com/lazygophers/lrpc/middleware/storage/cache/mem.go:498.77,500.3 1 1
github.com/lazygophers/lrpc/middleware/storage/cache/mem.go:502.2,503.68 2 1
github.com/lazygophers/lrpc/middleware/storage/cache/mem.go:503.68,505.3 1 1
github.com/lazygophers/lrpc/middleware/storage/cache/mem.go:507.2,507.21 1 1
github.com/lazygophers/lrpc/middleware/storage/cache/mem.go:510.78,522.2 5 1
github.com/lazygophers/lrpc/middleware/storage/cache/mem.go:524.32,526.9 2 1
github.com/lazygophers/lrpc/middleware/storage/cache/mem.go:526.9,528.3 1 1
github.com/lazygophers/lrpc/middleware/storage/cache/mem.go:530.2,530.11 1 1
github.com/lazygophers/lrpc/middleware/storage/cache/mem.go:533.28,539.27 4 1
github.com/lazygophers/lrpc/middleware/storage/cache/mem.go:539.27,540.26 1 1
github.com/lazygophers/lrpc/middleware/storage/cache/mem.go:540.26,542.12 2 1
github.com/lazygophers/lrpc/middleware/storage/cache/mem.go:545.3,545.36 1 1
github.com/lazygophers/lrpc/middleware/storage/cache/mem.go:545.36,547.4 1 1
github.com/lazygophers/lrpc/middleware/storage/cache/mem.go:550.2,550.15 1 1
github.com/lazygophers/lrpc/middleware/storage/cache/mem.go:553.71,560.72 5 1
github.com/lazygophers/lrpc/middleware/storage/cache/mem.go:560.72,562.3 1 1
github.com/lazygophers/lrpc/middleware/storage/cache/mem.go:564.2,568.18 2 1
github.com/lazygophers/lrpc/middleware/storage/cache/mem.go:571.105,578.72 5 1
github.com/lazygophers/lrpc/middleware/storage/cache/mem.go:578.72,580.3 1 1
github.com/lazygophers/lrpc/middleware/storage/cache/mem.go:582.2,587.18 2 1
github.com/lazygophers/lrpc/middleware/storage/cache/mem.go:590.52,597.9 5 1
github.com/lazygophers/lrpc/middleware/storage/cache/mem.go:597.9,599.3 1 1
github.com/lazygophers/lrpc/middleware/storage/cache/mem.go:601.2,601.62 1 1
github.com/lazygophers/lrpc/middleware/storage/cache/mem.go:601.62,603.3 1 1
github.com/lazygophers/lrpc/middleware/storage/cache/mem.go:605.2,605.22 1 1
github.com/lazygophers/lrpc/middleware/storage/cache/mem.go:608.51,619.2 5 1
github.com/lazygophers/lrpc/middleware/storage/cache/mem.go:621.45,627.24 4 1
github.com/lazygophers/lrpc/middleware/storage/cache/mem.go:627.24,629.3 1 1
github.com/lazygophers/lrpc/middleware/storage/cache/mem.go:631.2,631.12 1 1
github.com/lazygophers/lrpc/middleware/storage/cache/mem.go:634.34,641.2 4 1
github.com/lazygophers/lrpc/middleware/storage/cache/mem.go:643.34,650.2 4 1
github.com/lazygophers/lrpc/middleware/storage/cache/mem.go:652.21,659.2 2 1
github.com/lazygophers/lrpc/middleware/storage/cache/redis.go:20.36,25.16 4 0
github.com/lazygophers/lrpc/middleware/storage/cache/redis.go:25.16,27.3 1 0
github.com/lazygophers/lrpc/middleware/storage/cache/redis.go:29.2,29.20 1 0
github.com/lazygophers/lrpc/middleware/storage/cache/redis.go:29.20,31.3 1 0
github.com/lazygophers/lrpc/middleware/storage/cache/redis.go:33.2,34.27 2 0
github.com/lazygophers/lrpc/middleware/storage/cache/redis.go:34.27,36.3 1 0
github.com/lazygophers/lrpc/middleware/storage/cache/redis.go:38.2,39.12 2 0
github.com/lazygophers/lrpc/middleware/storage/cache/redis.go:42.47,44.2 1 0
github.com/lazygophers/lrpc/middleware/storage/cache/redis.go:46.72,49.37 1 0
github.com/lazygophers/lrpc/middleware/storage/cache/redis.go:49.37,51.5 1 0
github.com/lazygophers/lrpc/middleware/storage/cache/redis.go:59.2,59.25 1 0
github.com/lazygophers/lrpc/middleware/storage/cache/redis.go:59.25,61.17 2 0
github.com/lazygophers/lrpc/middleware/storage/cache/redis.go:61.17,64.4 2 0
github.com/lazygophers/lrpc/middleware/storage/cache/redis.go:67.2,68.16 2 0
github.com/lazygophers/lrpc/middleware/storage/cache/redis.go:68.16,71.3 2 0
github.com/lazygophers/lrpc/middleware/storage/cache/redis.go:73.2,75.29 2 0
github.com/lazygophers/lrpc/middleware/storage/cache/redis.go:78.54,80.2 1 0
github.com/lazygophers/lrpc/middleware/storage/cache/redis.go:82.54,84.2 1 0
github.com/lazygophers/lrpc/middleware/storage/cache/redis.go:86.69,88.2 1 0
github.com/lazygophers/lrpc/middleware/storage/cache/redis.go:90.82,92.2 1 0
github.com/lazygophers/lrpc/middleware/storage/cache/redis.go:94.69,96.2 1 0
github.com/lazygophers/lrpc/middleware/storage/cache/redis.go:98.54,102.16 3 0
github.com/lazygophers/lrpc/middleware/storage/cache/redis.go:102.16,104.3 1 0
github.com/lazygophers/lrpc/middleware/storage/cache/redis.go:105.2,105.9 1 0
github.com/lazygophers/lrpc/middleware/storage/cache/redis.go:105.9,107.3 1 0
github.com/lazygophers/lrpc/middleware/storage/cache/redis.go:109.2,109.17 1 0
github.com/lazygophers/lrpc/middleware/storage/cache/redis.go:112.59,113.66 1 0
github.com/lazygophers/lrpc/middleware/storage/cache/redis.go:113.66,115.3 1 0
github.com/lazygophers/lrpc/middleware/storage/cache/redis.go:116.2,116.16 1 0
github.com/lazygophers/lrpc/middleware/storage/cache/redis.go:116.16,117.35 1 0
github.com/lazygophers/lrpc/middleware/storage/cache/redis.go:117.35,119.4 1 0
github.com/lazygophers/lrpc/middleware/storage/cache/redis.go:121.3,121.20 1 0
github.com/lazygophers/lrpc/middleware/storage/cache/redis.go:124.2,124.16 1 0
github.com/lazygophers/lrpc/middleware/storage/cache/redis.go:127.73,131.16 3 0
github.com/lazygophers/lrpc/middleware/storage/cache/redis.go:131.16,132.26 1 0
github.com/lazygophers/lrpc/middleware/storage/cache/redis.go:132.26,134.4 1 0
github.com/lazygophers/lrpc/middleware/storage/cache/redis.go:136.3,136.20 1 0
github.com/lazygophers/lrpc/middleware/storage/cache/redis.go:139.2,139.16 1 0
github.com/lazygophers/lrpc/middleware/storage/cache/redis.go:142.78,144.16 2 0
github.com/lazygophers/lrpc/middleware/storage/cache/redis.go:144.16,145.26 1 0
github.com/lazygophers/lrpc/middleware/storage/cache/redis.go:145.26,147.4 1 0
github.com/lazygophers/lrpc/middleware/storage/cache/redis.go:149.3,149.20 1 0
github.com/lazygophers/lrpc/middleware/storage/cache/redis.go:152.2,152.16 1 0
github.com/lazygophers/lrpc/middleware/storage/cache/redis.go:155.61,159.16 3 0
github.com/lazygophers/lrpc/middleware/storage/cache/redis.go:159.16,162.3 2 0
github.com/lazygophers/lrpc/middleware/storage/cache/redis.go:164.2,164.46 1 0
github.com/lazygophers/lrpc/middleware/storage/cache/redis.go:167.69,172.2 3 0
github.com/lazygophers/lrpc/middleware/storage/cache/redis.go:174.88,179.2 3 0
github.com/lazygophers/lrpc/middleware/storage/cache/redis.go:181.107,185.16 3 0
github.com/lazygophers/lrpc/middleware/storage/cache/redis.go:185.16,188.3 2 0
github.com/lazygophers/lrpc/middleware/storage/cache/redis.go:190.2,190.8 1 0
github.com/lazygophers/lrpc/middleware/storage/cache/redis.go:190.8,192.17 2 0
github.com/lazygophers/lrpc/middleware/storage/cache/redis.go:192.17,194.4 1 0
github.com/lazygophers/lrpc/middleware/storage/cache/redis.go:197.2,197.16 1 0
github.com/lazygophers/lrpc/middleware/storage/cache/redis.go:200.54,201.61 1 0
github.com/lazygophers/lrpc/middleware/storage/cache/redis.go:201.61,203.3 1 0
github.com/lazygophers/lrpc/middleware/storage/cache/redis.go:204.2,204.8 1 0
github.com/lazygophers/lrpc/middleware/storage/cache/redis.go:207.86,209.2 1 0
github.com/lazygophers/lrpc/middleware/storage/cache/redis.go:211.62,213.16 2 0
github.com/lazygophers/lrpc/middleware/storage/cache/redis.go:213.16,215.3 1 0
github.com/lazygophers/lrpc/middleware/storage/cache/redis.go:216.2,216.9 1 0
github.com/lazygophers/lrpc/middleware/storage/cache/redis.go:216.9,218.3 1 0
github.com/lazygophers/lrpc/middleware/storage/cache/redis.go:220.2,220.17 1 0
github.com/lazygophers/lrpc/middleware/storage/cache/redis.go:223.69,225.2 1 0
github.com/lazygophers/lrpc/middleware/storage/cache/redis.go:227.58,229.2 1 0
github.com/lazygophers/lrpc/middleware/storage/cache/redis.go:231.58,236.2 3 0
github.com/lazygophers/lrpc/middleware/storage/cache/redis.go:238.72,240.2 1 0
github.com/lazygophers/lrpc/middleware/storage/cache/redis.go:242.73,248.33 5 0
github.com/lazygophers/lrpc/middleware/storage/cache/redis.go:248.33,250.3 1 0
github.com/lazygophers/lrpc/middleware/storage/cache/redis.go:252.2,252.46 1 0
github.com/lazygophers/lrpc/middleware/storage/cache/redis.go:255.61,260.2 3 0
github.com/lazygophers/lrpc/middleware/storage/cache/redis.go:262.73,268.33 5 0
github.com/lazygophers/lrpc/middleware/storage/cache/redis.go:268.33,270.3 1 0
github.com/lazygophers/lrpc/middleware/storage/cache/redis.go:272.2,272.46 1 0
github.com/lazygophers/lrpc/middleware/storage/cache/redis.go:275.80,281.20 5 0
github.com/lazygophers/lrpc/middleware/storage/cache/redis.go:281.20,283.3 1 0
github.com/lazygophers/lrpc/middleware/storage/cache/redis.go:283.8,285.3 1 0
github.com/lazygophers/lrpc/middleware/storage/cache/redis.go:287.2,287.55 1 0
github.com/lazygophers/lrpc/middleware/storage/cache/redis.go:290.55,295.2 3 0
github.com/lazygophers/lrpc/middleware/storage/cache/redis.go:297.70,299.2 1 0
github.com/lazygophers/lrpc/middleware/storage/cache/redis.go:301.88,303.2 1 0
github.com/lazygophers/lrpc/middleware/storage/cache/redis.go:305.97,307.2 1 0
github.com/lazygophers/lrpc/middleware/storage/cache/redis.go:309.69,311.2 1 0
github.com/lazygophers/lrpc/middleware/storage/cache/redis.go:313.88,315.2 1 0
github.com/lazygophers/lrpc/middleware/storage/cache/redis.go:317.63,319.2 1 0
github.com/lazygophers/lrpc/middleware/storage/cache/redis.go:321.65,329.2 5 0
github.com/lazygophers/lrpc/middleware/storage/cache/redis.go:331.36,333.2 1 0
